1531209483263	geckodriver	INFO	geckodriver 0.19.1
1531209483272	geckodriver	INFO	Listening on 127.0.0.1:2704
1531209486269	mozrunner::runner	INFO	Running command: "C:\\Program Files\\Mozilla Firefox\\firefox.exe" "-marionette" "-profile" "C:\\Users\\WANGAL~1\\AppData\\Local\\Temp\\rust_mozprofile.alerVYkN0Dkj"
1531209486414	addons.manager	DEBUG	Application has been upgraded
1531209486423	addons.manager	DEBUG	Loaded provider scope for resource://gre/modules/addons/XPIProvider.jsm: ["XPIProvider", "XPIInternal"]
1531209486425	addons.manager	DEBUG	Loaded provider scope for resource://gre/modules/LightweightThemeManager.jsm: ["LightweightThemeManager"]
1531209486438	addons.manager	DEBUG	Loaded provider scope for resource://gre/modules/addons/GMPProvider.jsm
1531209486440	addons.manager	DEBUG	Loaded provider scope for resource://gre/modules/addons/PluginProvider.jsm
1531209486440	addons.manager	DEBUG	Starting provider: XPIProvider
1531209486440	addons.xpi	DEBUG	startup
1531209486441	addons.xpi	INFO	SystemAddonInstallLocation directory is missing
1531209486448	addons.xpi	INFO	Removing all system add-on upgrades.
1531209486449	addons.xpi	DEBUG	checkForChanges
1531209486449	addons.xpi	DEBUG	Loaded add-on state: ${}
1531209486450	addons.xpi	DEBUG	New add-on activity-stream@mozilla.org in app-system-defaults
1531209486451	addons.xpi	DEBUG	New add-on aushelper@mozilla.org in app-system-defaults
1531209486452	addons.xpi	DEBUG	New add-on firefox@getpocket.com in app-system-defaults
1531209486452	addons.xpi	DEBUG	New add-on followonsearch@mozilla.com in app-system-defaults
1531209486452	addons.xpi	DEBUG	New add-on formautofill@mozilla.org in app-system-defaults
1531209486453	addons.xpi	DEBUG	New add-on onboarding@mozilla.org in app-system-defaults
1531209486453	addons.xpi	DEBUG	New add-on screenshots@mozilla.org in app-system-defaults
1531209486454	addons.xpi	DEBUG	New add-on webcompat-reporter@mozilla.org in app-system-defaults
1531209486454	addons.xpi	DEBUG	New add-on webcompat@mozilla.org in app-system-defaults
1531209486455	addons.xpi	DEBUG	getInstallState changed: true, state: {}
1531209486460	addons.xpi-utils	DEBUG	Opening XPI database C:\Users\wangal0425\AppData\Local\Temp\rust_mozprofile.alerVYkN0Dkj\extensions.json
1531209486461	addons.xpi-utils	DEBUG	New add-on activity-stream@mozilla.org installed in app-system-defaults
*** Blocklist::_preloadBlocklistFile: blocklist is disabled
1531209486475	addons.xpi-utils	DEBUG	New add-on aushelper@mozilla.org installed in app-system-defaults
1531209486478	addons.xpi-utils	DEBUG	New add-on firefox@getpocket.com installed in app-system-defaults
1531209486482	addons.xpi-utils	DEBUG	New add-on followonsearch@mozilla.com installed in app-system-defaults
1531209486485	addons.xpi-utils	DEBUG	New add-on formautofill@mozilla.org installed in app-system-defaults
1531209486488	addons.xpi-utils	DEBUG	New add-on onboarding@mozilla.org installed in app-system-defaults
1531209486491	addons.xpi-utils	DEBUG	New add-on screenshots@mozilla.org installed in app-system-defaults
1531209486496	addons.xpi-utils	DEBUG	New add-on webcompat-reporter@mozilla.org installed in app-system-defaults
1531209486498	addons.xpi-utils	DEBUG	New add-on webcompat@mozilla.org installed in app-system-defaults
1531209486523	addons.xpi-utils	DEBUG	XPI Database saved, setting schema version preference to 26
1531209486619	addons.manager	DEBUG	Registering startup change 'installed' for activity-stream@mozilla.org
1531209486625	addons.xpi	DEBUG	Loading bootstrap scope from C:\Program Files\Mozilla Firefox\browser\features\activity-stream@mozilla.org.xpi
1531209486628	addons.xpi	DEBUG	Calling bootstrap method install on activity-stream@mozilla.org version 2018.06.29.1026-fa231556
1531209486628	addons.xpi-utils	DEBUG	Make addon app-system-defaults:activity-stream@mozilla.org visible
1531209486628	addons.xpi	DEBUG	Updating XPIState for {"id":"activity-stream@mozilla.org","syncGUID":"{e6b1158c-f2bf-452c-91c7-b12f18ba6656}","location":"app-system-defaults","version":"2018.06.29.1026-fa231556","type":"extension","updateURL":null,"optionsURL":null,"optionsType":null,"aboutURL":null,"defaultLocale":{"name":"Activity Stream","description":"A rich visual history feed and a reimagined home page make it easier than ever to find exactly what you're looking for in Firefox.","creator":null,"homepageURL":null},"visible":true,"active":false,"userDisabled":false,"appDisabled":false,"installDate":1530702964894,"updateDate":1530702964894,"applyBackgroundUpdates":1,"bootstrap":true,"path":"C:\\Program Files\\Mozilla Firefox\\browser\\features\\activity-stream@mozilla.org.xpi","skinnable":false,"size":2732420,"sourceURI":null,"releaseNotesURI":null,"softDisabled":false,"foreignInstall":false,"strictCompatibility":false,"locales":[],"targetApplications":[{"id":"{ec8030f7-c20a-464f-9b0e-13a3a9e97384}","minVersion":"61.0.1","maxVersion":"61.*"}],"targetPlatforms":[],"seen":true,"dependencies":[],"hasEmbeddedWebExtension":false,"userPermissions":null,"icons":{},"iconURL":null,"icon64URL":null,"blocklistState":0,"blocklistURL":null,"startupData":null}
1531209486629	addons.manager	DEBUG	Registering startup change 'installed' for aushelper@mozilla.org
1531209486629	addons.xpi	DEBUG	Loading bootstrap scope from C:\Program Files\Mozilla Firefox\browser\features\aushelper@mozilla.org.xpi
1531209486631	addons.xpi	DEBUG	Calling bootstrap method install on aushelper@mozilla.org version 2.0
1531209486631	addons.xpi-utils	DEBUG	Make addon app-system-defaults:aushelper@mozilla.org visible
1531209486631	addons.xpi	DEBUG	Updating XPIState for {"id":"aushelper@mozilla.org","syncGUID":"{09a1fa43-47fc-4c5f-8831-5805da1cae00}","location":"app-system-defaults","version":"2.0","type":"extension","updateURL":null,"optionsURL":null,"optionsType":null,"aboutURL":null,"defaultLocale":{"name":"Application Update Service Helper","description":"Sets value(s) in the update url based on custom checks.","creator":null,"homepageURL":null},"visible":true,"active":false,"userDisabled":false,"appDisabled":false,"installDate":1530702964895,"updateDate":1530702964895,"applyBackgroundUpdates":1,"bootstrap":true,"path":"C:\\Program Files\\Mozilla Firefox\\browser\\features\\aushelper@mozilla.org.xpi","skinnable":false,"size":8425,"sourceURI":null,"releaseNotesURI":null,"softDisabled":false,"foreignInstall":false,"strictCompatibility":false,"locales":[],"targetApplications":[{"id":"{ec8030f7-c20a-464f-9b0e-13a3a9e97384}","minVersion":"61.0.1","maxVersion":"61.*"}],"targetPlatforms":[],"seen":true,"dependencies":[],"hasEmbeddedWebExtension":false,"userPermissions":null,"icons":{},"iconURL":null,"icon64URL":null,"blocklistState":0,"blocklistURL":null,"startupData":null}
1531209486632	addons.manager	DEBUG	Registering startup change 'installed' for firefox@getpocket.com
1531209486632	addons.xpi	DEBUG	Loading bootstrap scope from C:\Program Files\Mozilla Firefox\browser\features\firefox@getpocket.com.xpi
1531209486636	addons.xpi	DEBUG	Calling bootstrap method install on firefox@getpocket.com version 1.0.5
1531209486636	addons.xpi-utils	DEBUG	Make addon app-system-defaults:firefox@getpocket.com visible
1531209486636	addons.xpi	DEBUG	Updating XPIState for {"id":"firefox@getpocket.com","syncGUID":"{d2c33fcd-cea0-4074-83af-253402119965}","location":"app-system-defaults","version":"1.0.5","type":"extension","updateURL":null,"optionsURL":null,"optionsType":null,"aboutURL":null,"defaultLocale":{"name":"Pocket","description":"When you find something you want to view later, put it in Pocket.","creator":null,"homepageURL":null},"visible":true,"active":false,"userDisabled":false,"appDisabled":false,"installDate":1530702964899,"updateDate":1530702964899,"applyBackgroundUpdates":1,"bootstrap":true,"path":"C:\\Program Files\\Mozilla Firefox\\browser\\features\\firefox@getpocket.com.xpi","skinnable":false,"size":855890,"sourceURI":null,"releaseNotesURI":null,"softDisabled":false,"foreignInstall":false,"strictCompatibility":false,"locales":[],"targetApplications":[{"id":"{ec8030f7-c20a-464f-9b0e-13a3a9e97384}","minVersion":"61.0.1","maxVersion":"61.*"}],"targetPlatforms":[],"seen":true,"dependencies":[],"hasEmbeddedWebExtension":false,"userPermissions":null,"icons":{},"iconURL":null,"icon64URL":null,"blocklistState":0,"blocklistURL":null,"startupData":null}
1531209486636	addons.manager	DEBUG	Registering startup change 'installed' for followonsearch@mozilla.com
1531209486636	addons.xpi	DEBUG	Loading bootstrap scope from C:\Program Files\Mozilla Firefox\browser\features\followonsearch@mozilla.com.xpi
1531209486638	addons.xpi	DEBUG	Calling bootstrap method install on followonsearch@mozilla.com version 0.9.7
1531209486638	addons.xpi-utils	DEBUG	Make addon app-system-defaults:followonsearch@mozilla.com visible
1531209486638	addons.xpi	DEBUG	Updating XPIState for {"id":"followonsearch@mozilla.com","syncGUID":"{2662a4e3-ef21-46d4-8767-5501d39f2469}","location":"app-system-defaults","version":"0.9.7","type":"extension","updateURL":null,"optionsURL":null,"optionsType":null,"aboutURL":null,"defaultLocale":{"name":"Follow-on Search Telemetry","description":null,"creator":null,"homepageURL":null},"visible":true,"active":false,"userDisabled":false,"appDisabled":false,"installDate":1530702964900,"updateDate":1530702964900,"applyBackgroundUpdates":1,"bootstrap":true,"path":"C:\\Program Files\\Mozilla Firefox\\browser\\features\\followonsearch@mozilla.com.xpi","skinnable":false,"size":17903,"sourceURI":null,"releaseNotesURI":null,"softDisabled":false,"foreignInstall":false,"strictCompatibility":false,"locales":[],"targetApplications":[{"id":"{ec8030f7-c20a-464f-9b0e-13a3a9e97384}","minVersion":"52.0","maxVersion":"66.*"}],"targetPlatforms":[],"seen":true,"dependencies":[],"hasEmbeddedWebExtension":false,"userPermissions":null,"icons":{},"iconURL":null,"icon64URL":null,"blocklistState":0,"blocklistURL":null,"startupData":null}
1531209486639	addons.manager	DEBUG	Registering startup change 'installed' for formautofill@mozilla.org
1531209486639	addons.xpi	DEBUG	Loading bootstrap scope from C:\Program Files\Mozilla Firefox\browser\features\formautofill@mozilla.org.xpi
1531209486640	addons.xpi	DEBUG	Calling bootstrap method install on formautofill@mozilla.org version 1.0
1531209486640	addons.xpi-utils	DEBUG	Make addon app-system-defaults:formautofill@mozilla.org visible
1531209486640	addons.xpi	DEBUG	Updating XPIState for {"id":"formautofill@mozilla.org","syncGUID":"{d32d4ce5-74c0-498a-b3b2-39f568ec0845}","location":"app-system-defaults","version":"1.0","type":"extension","updateURL":null,"optionsURL":null,"optionsType":null,"aboutURL":null,"defaultLocale":{"name":"Form Autofill","description":"Autofill forms with saved profiles","creator":null,"homepageURL":null},"visible":true,"active":false,"userDisabled":false,"appDisabled":false,"installDate":1530702964904,"updateDate":1530702964904,"applyBackgroundUpdates":1,"bootstrap":true,"path":"C:\\Program Files\\Mozilla Firefox\\browser\\features\\formautofill@mozilla.org.xpi","skinnable":false,"size":465038,"sourceURI":null,"releaseNotesURI":null,"softDisabled":false,"foreignInstall":false,"strictCompatibility":false,"locales":[],"targetApplications":[{"id":"{ec8030f7-c20a-464f-9b0e-13a3a9e97384}","minVersion":"61.0.1","maxVersion":"61.*"}],"targetPlatforms":[],"seen":true,"dependencies":[],"hasEmbeddedWebExtension":false,"userPermissions":null,"icons":{},"iconURL":null,"icon64URL":null,"blocklistState":0,"blocklistURL":null,"startupData":null}
1531209486641	addons.manager	DEBUG	Registering startup change 'installed' for onboarding@mozilla.org
1531209486641	addons.xpi	DEBUG	Loading bootstrap scope from C:\Program Files\Mozilla Firefox\browser\features\onboarding@mozilla.org.xpi
1531209486643	addons.xpi	DEBUG	Calling bootstrap method install on onboarding@mozilla.org version 1.0
1531209486643	addons.xpi-utils	DEBUG	Make addon app-system-defaults:onboarding@mozilla.org visible
1531209486643	addons.xpi	DEBUG	Updating XPIState for {"id":"onboarding@mozilla.org","syncGUID":"{a8346769-2903-482d-902f-a9cf3cdb9698}","location":"app-system-defaults","version":"1.0","type":"extension","updateURL":null,"optionsURL":null,"optionsType":null,"aboutURL":null,"defaultLocale":{"name":"Photon onboarding","description":"Photon onboarding","creator":null,"homepageURL":null},"visible":true,"active":false,"userDisabled":false,"appDisabled":false,"installDate":1530702964908,"updateDate":1530702964908,"applyBackgroundUpdates":1,"bootstrap":true,"path":"C:\\Program Files\\Mozilla Firefox\\browser\\features\\onboarding@mozilla.org.xpi","skinnable":false,"size":564185,"sourceURI":null,"releaseNotesURI":null,"softDisabled":false,"foreignInstall":false,"strictCompatibility":false,"locales":[],"targetApplications":[{"id":"{ec8030f7-c20a-464f-9b0e-13a3a9e97384}","minVersion":"61.0.1","maxVersion":"61.*"}],"targetPlatforms":[],"seen":true,"dependencies":[],"hasEmbeddedWebExtension":false,"userPermissions":null,"icons":{},"iconURL":null,"icon64URL":null,"blocklistState":0,"blocklistURL":null,"startupData":null}
1531209486643	addons.manager	DEBUG	Registering startup change 'installed' for screenshots@mozilla.org
1531209486643	addons.xpi	DEBUG	Loading bootstrap scope from C:\Program Files\Mozilla Firefox\browser\features\screenshots@mozilla.org.xpi
1531209486645	addons.xpi	DEBUG	Calling bootstrap method install on screenshots@mozilla.org version 32.1.0
1531209486645	addons.xpi-utils	DEBUG	Make addon app-system-defaults:screenshots@mozilla.org visible
1531209486645	addons.xpi	DEBUG	Updating XPIState for {"id":"screenshots@mozilla.org","syncGUID":"{5b068224-c1d7-4d1b-aa0b-b7ba875fa23e}","location":"app-system-defaults","version":"32.1.0","type":"extension","updateURL":null,"optionsURL":null,"optionsType":null,"aboutURL":null,"defaultLocale":{"name":"Firefox Screenshots","description":null,"creator":null,"homepageURL":"https://screenshots.firefox.com/"},"visible":true,"active":false,"userDisabled":false,"appDisabled":false,"installDate":1530702964914,"updateDate":1530702964914,"applyBackgroundUpdates":1,"bootstrap":true,"path":"C:\\Program Files\\Mozilla Firefox\\browser\\features\\screenshots@mozilla.org.xpi","skinnable":false,"size":1002421,"sourceURI":null,"releaseNotesURI":null,"softDisabled":false,"foreignInstall":false,"strictCompatibility":false,"locales":[],"targetApplications":[{"id":"{ec8030f7-c20a-464f-9b0e-13a3a9e97384}","minVersion":"57.0a1","maxVersion":"*"}],"targetPlatforms":[],"seen":true,"dependencies":[],"hasEmbeddedWebExtension":false,"userPermissions":null,"icons":{},"iconURL":null,"icon64URL":null,"blocklistState":0,"blocklistURL":null,"startupData":null}
1531209486645	addons.manager	DEBUG	Registering startup change 'installed' for webcompat-reporter@mozilla.org
1531209486645	addons.xpi	DEBUG	Loading bootstrap scope from C:\Program Files\Mozilla Firefox\browser\features\webcompat-reporter@mozilla.org.xpi
1531209486646	addons.xpi	DEBUG	Calling bootstrap method install on webcompat-reporter@mozilla.org version 1.0.0
1531209486646	addons.xpi-utils	DEBUG	Make addon app-system-defaults:webcompat-reporter@mozilla.org visible
1531209486646	addons.xpi	DEBUG	Updating XPIState for {"id":"webcompat-reporter@mozilla.org","syncGUID":"{811b1edc-295d-42d9-96a2-6c2e9e04b31a}","location":"app-system-defaults","version":"1.0.0","type":"extension","updateURL":null,"optionsURL":null,"optionsType":null,"aboutURL":null,"defaultLocale":{"name":"WebCompat Reporter","description":"Report site compatibility issues on webcompat.com.","creator":null,"homepageURL":null},"visible":true,"active":false,"userDisabled":false,"appDisabled":false,"installDate":1530702964915,"updateDate":1530702964915,"applyBackgroundUpdates":1,"bootstrap":true,"path":"C:\\Program Files\\Mozilla Firefox\\browser\\features\\webcompat-reporter@mozilla.org.xpi","skinnable":false,"size":12706,"sourceURI":null,"releaseNotesURI":null,"softDisabled":false,"foreignInstall":false,"strictCompatibility":false,"locales":[],"targetApplications":[{"id":"{ec8030f7-c20a-464f-9b0e-13a3a9e97384}","minVersion":"61.0.1","maxVersion":"61.*"}],"targetPlatforms":[],"seen":true,"dependencies":[],"hasEmbeddedWebExtension":false,"userPermissions":null,"icons":{},"iconURL":null,"icon64URL":null,"blocklistState":0,"blocklistURL":null,"startupData":null}
1531209486647	addons.manager	DEBUG	Registering startup change 'installed' for webcompat@mozilla.org
1531209486647	addons.xpi	DEBUG	Loading bootstrap scope from C:\Program Files\Mozilla Firefox\browser\features\webcompat@mozilla.org.xpi
1531209486649	addons.xpi	DEBUG	Calling bootstrap method install on webcompat@mozilla.org version 2.0
1531209486649	addons.xpi-utils	DEBUG	Make addon app-system-defaults:webcompat@mozilla.org visible
1531209486649	addons.xpi	DEBUG	Updating XPIState for {"id":"webcompat@mozilla.org","syncGUID":"{259ccb87-15fd-48ca-9562-d9ae3ec47c4d}","location":"app-system-defaults","version":"2.0","type":"extension","updateURL":null,"optionsURL":null,"optionsType":null,"aboutURL":null,"defaultLocale":{"name":"Web Compat","description":"Urgent post-release fixes for web compatibility.","creator":null,"homepageURL":null},"visible":true,"active":false,"userDisabled":false,"appDisabled":false,"installDate":1530702964915,"updateDate":1530702964915,"applyBackgroundUpdates":1,"bootstrap":true,"path":"C:\\Program Files\\Mozilla Firefox\\browser\\features\\webcompat@mozilla.org.xpi","skinnable":false,"size":13138,"sourceURI":null,"releaseNotesURI":null,"softDisabled":false,"foreignInstall":false,"strictCompatibility":false,"locales":[],"targetApplications":[{"id":"{ec8030f7-c20a-464f-9b0e-13a3a9e97384}","minVersion":"61.0.1","maxVersion":"61.*"},{"id":"{aa3c5121-dab2-40e2-81ca-7ea25febc110}","minVersion":"61.0.1","maxVersion":"61.*"}],"targetPlatforms":[],"seen":true,"dependencies":[],"hasEmbeddedWebExtension":true,"userPermissions":null,"icons":{},"iconURL":null,"icon64URL":null,"blocklistState":0,"blocklistURL":null,"startupData":null}
1531209486650	addons.xpi	DEBUG	Updating XPIState for {"id":"activity-stream@mozilla.org","syncGUID":"{e6b1158c-f2bf-452c-91c7-b12f18ba6656}","location":"app-system-defaults","version":"2018.06.29.1026-fa231556","type":"extension","updateURL":null,"optionsURL":null,"optionsType":null,"aboutURL":null,"defaultLocale":{"name":"Activity Stream","description":"A rich visual history feed and a reimagined home page make it easier than ever to find exactly what you're looking for in Firefox.","creator":null,"homepageURL":null},"visible":true,"active":true,"userDisabled":false,"appDisabled":false,"installDate":1530702964894,"updateDate":1530702964894,"applyBackgroundUpdates":1,"bootstrap":true,"path":"C:\\Program Files\\Mozilla Firefox\\browser\\features\\activity-stream@mozilla.org.xpi","skinnable":false,"size":2732420,"sourceURI":null,"releaseNotesURI":null,"softDisabled":false,"foreignInstall":false,"strictCompatibility":false,"locales":[],"targetApplications":[{"id":"{ec8030f7-c20a-464f-9b0e-13a3a9e97384}","minVersion":"61.0.1","maxVersion":"61.*"}],"targetPlatforms":[],"seen":true,"dependencies":[],"hasEmbeddedWebExtension":false,"userPermissions":null,"icons":{},"iconURL":null,"icon64URL":null,"blocklistState":0,"blocklistURL":null,"startupData":null}
1531209486650	addons.xpi	DEBUG	Updating XPIState for {"id":"aushelper@mozilla.org","syncGUID":"{09a1fa43-47fc-4c5f-8831-5805da1cae00}","location":"app-system-defaults","version":"2.0","type":"extension","updateURL":null,"optionsURL":null,"optionsType":null,"aboutURL":null,"defaultLocale":{"name":"Application Update Service Helper","description":"Sets value(s) in the update url based on custom checks.","creator":null,"homepageURL":null},"visible":true,"active":true,"userDisabled":false,"appDisabled":false,"installDate":1530702964895,"updateDate":1530702964895,"applyBackgroundUpdates":1,"bootstrap":true,"path":"C:\\Program Files\\Mozilla Firefox\\browser\\features\\aushelper@mozilla.org.xpi","skinnable":false,"size":8425,"sourceURI":null,"releaseNotesURI":null,"softDisabled":false,"foreignInstall":false,"strictCompatibility":false,"locales":[],"targetApplications":[{"id":"{ec8030f7-c20a-464f-9b0e-13a3a9e97384}","minVersion":"61.0.1","maxVersion":"61.*"}],"targetPlatforms":[],"seen":true,"dependencies":[],"hasEmbeddedWebExtension":false,"userPermissions":null,"icons":{},"iconURL":null,"icon64URL":null,"blocklistState":0,"blocklistURL":null,"startupData":null}
1531209486650	addons.xpi	DEBUG	Updating XPIState for {"id":"firefox@getpocket.com","syncGUID":"{d2c33fcd-cea0-4074-83af-253402119965}","location":"app-system-defaults","version":"1.0.5","type":"extension","updateURL":null,"optionsURL":null,"optionsType":null,"aboutURL":null,"defaultLocale":{"name":"Pocket","description":"When you find something you want to view later, put it in Pocket.","creator":null,"homepageURL":null},"visible":true,"active":true,"userDisabled":false,"appDisabled":false,"installDate":1530702964899,"updateDate":1530702964899,"applyBackgroundUpdates":1,"bootstrap":true,"path":"C:\\Program Files\\Mozilla Firefox\\browser\\features\\firefox@getpocket.com.xpi","skinnable":false,"size":855890,"sourceURI":null,"releaseNotesURI":null,"softDisabled":false,"foreignInstall":false,"strictCompatibility":false,"locales":[],"targetApplications":[{"id":"{ec8030f7-c20a-464f-9b0e-13a3a9e97384}","minVersion":"61.0.1","maxVersion":"61.*"}],"targetPlatforms":[],"seen":true,"dependencies":[],"hasEmbeddedWebExtension":false,"userPermissions":null,"icons":{},"iconURL":null,"icon64URL":null,"blocklistState":0,"blocklistURL":null,"startupData":null}
1531209486650	addons.xpi	DEBUG	Updating XPIState for {"id":"followonsearch@mozilla.com","syncGUID":"{2662a4e3-ef21-46d4-8767-5501d39f2469}","location":"app-system-defaults","version":"0.9.7","type":"extension","updateURL":null,"optionsURL":null,"optionsType":null,"aboutURL":null,"defaultLocale":{"name":"Follow-on Search Telemetry","description":null,"creator":null,"homepageURL":null},"visible":true,"active":true,"userDisabled":false,"appDisabled":false,"installDate":1530702964900,"updateDate":1530702964900,"applyBackgroundUpdates":1,"bootstrap":true,"path":"C:\\Program Files\\Mozilla Firefox\\browser\\features\\followonsearch@mozilla.com.xpi","skinnable":false,"size":17903,"sourceURI":null,"releaseNotesURI":null,"softDisabled":false,"foreignInstall":false,"strictCompatibility":false,"locales":[],"targetApplications":[{"id":"{ec8030f7-c20a-464f-9b0e-13a3a9e97384}","minVersion":"52.0","maxVersion":"66.*"}],"targetPlatforms":[],"seen":true,"dependencies":[],"hasEmbeddedWebExtension":false,"userPermissions":null,"icons":{},"iconURL":null,"icon64URL":null,"blocklistState":0,"blocklistURL":null,"startupData":null}
1531209486650	addons.xpi	DEBUG	Updating XPIState for {"id":"formautofill@mozilla.org","syncGUID":"{d32d4ce5-74c0-498a-b3b2-39f568ec0845}","location":"app-system-defaults","version":"1.0","type":"extension","updateURL":null,"optionsURL":null,"optionsType":null,"aboutURL":null,"defaultLocale":{"name":"Form Autofill","description":"Autofill forms with saved profiles","creator":null,"homepageURL":null},"visible":true,"active":true,"userDisabled":false,"appDisabled":false,"installDate":1530702964904,"updateDate":1530702964904,"applyBackgroundUpdates":1,"bootstrap":true,"path":"C:\\Program Files\\Mozilla Firefox\\browser\\features\\formautofill@mozilla.org.xpi","skinnable":false,"size":465038,"sourceURI":null,"releaseNotesURI":null,"softDisabled":false,"foreignInstall":false,"strictCompatibility":false,"locales":[],"targetApplications":[{"id":"{ec8030f7-c20a-464f-9b0e-13a3a9e97384}","minVersion":"61.0.1","maxVersion":"61.*"}],"targetPlatforms":[],"seen":true,"dependencies":[],"hasEmbeddedWebExtension":false,"userPermissions":null,"icons":{},"iconURL":null,"icon64URL":null,"blocklistState":0,"blocklistURL":null,"startupData":null}
1531209486651	addons.xpi	DEBUG	Updating XPIState for {"id":"onboarding@mozilla.org","syncGUID":"{a8346769-2903-482d-902f-a9cf3cdb9698}","location":"app-system-defaults","version":"1.0","type":"extension","updateURL":null,"optionsURL":null,"optionsType":null,"aboutURL":null,"defaultLocale":{"name":"Photon onboarding","description":"Photon onboarding","creator":null,"homepageURL":null},"visible":true,"active":true,"userDisabled":false,"appDisabled":false,"installDate":1530702964908,"updateDate":1530702964908,"applyBackgroundUpdates":1,"bootstrap":true,"path":"C:\\Program Files\\Mozilla Firefox\\browser\\features\\onboarding@mozilla.org.xpi","skinnable":false,"size":564185,"sourceURI":null,"releaseNotesURI":null,"softDisabled":false,"foreignInstall":false,"strictCompatibility":false,"locales":[],"targetApplications":[{"id":"{ec8030f7-c20a-464f-9b0e-13a3a9e97384}","minVersion":"61.0.1","maxVersion":"61.*"}],"targetPlatforms":[],"seen":true,"dependencies":[],"hasEmbeddedWebExtension":false,"userPermissions":null,"icons":{},"iconURL":null,"icon64URL":null,"blocklistState":0,"blocklistURL":null,"startupData":null}
1531209486651	addons.xpi	DEBUG	Updating XPIState for {"id":"screenshots@mozilla.org","syncGUID":"{5b068224-c1d7-4d1b-aa0b-b7ba875fa23e}","location":"app-system-defaults","version":"32.1.0","type":"extension","updateURL":null,"optionsURL":null,"optionsType":null,"aboutURL":null,"defaultLocale":{"name":"Firefox Screenshots","description":null,"creator":null,"homepageURL":"https://screenshots.firefox.com/"},"visible":true,"active":true,"userDisabled":false,"appDisabled":false,"installDate":1530702964914,"updateDate":1530702964914,"applyBackgroundUpdates":1,"bootstrap":true,"path":"C:\\Program Files\\Mozilla Firefox\\browser\\features\\screenshots@mozilla.org.xpi","skinnable":false,"size":1002421,"sourceURI":null,"releaseNotesURI":null,"softDisabled":false,"foreignInstall":false,"strictCompatibility":false,"locales":[],"targetApplications":[{"id":"{ec8030f7-c20a-464f-9b0e-13a3a9e97384}","minVersion":"57.0a1","maxVersion":"*"}],"targetPlatforms":[],"seen":true,"dependencies":[],"hasEmbeddedWebExtension":false,"userPermissions":null,"icons":{},"iconURL":null,"icon64URL":null,"blocklistState":0,"blocklistURL":null,"startupData":null}
1531209486651	addons.xpi	DEBUG	Updating XPIState for {"id":"webcompat-reporter@mozilla.org","syncGUID":"{811b1edc-295d-42d9-96a2-6c2e9e04b31a}","location":"app-system-defaults","version":"1.0.0","type":"extension","updateURL":null,"optionsURL":null,"optionsType":null,"aboutURL":null,"defaultLocale":{"name":"WebCompat Reporter","description":"Report site compatibility issues on webcompat.com.","creator":null,"homepageURL":null},"visible":true,"active":true,"userDisabled":false,"appDisabled":false,"installDate":1530702964915,"updateDate":1530702964915,"applyBackgroundUpdates":1,"bootstrap":true,"path":"C:\\Program Files\\Mozilla Firefox\\browser\\features\\webcompat-reporter@mozilla.org.xpi","skinnable":false,"size":12706,"sourceURI":null,"releaseNotesURI":null,"softDisabled":false,"foreignInstall":false,"strictCompatibility":false,"locales":[],"targetApplications":[{"id":"{ec8030f7-c20a-464f-9b0e-13a3a9e97384}","minVersion":"61.0.1","maxVersion":"61.*"}],"targetPlatforms":[],"seen":true,"dependencies":[],"hasEmbeddedWebExtension":false,"userPermissions":null,"icons":{},"iconURL":null,"icon64URL":null,"blocklistState":0,"blocklistURL":null,"startupData":null}
1531209486651	addons.xpi	DEBUG	Updating XPIState for {"id":"webcompat@mozilla.org","syncGUID":"{259ccb87-15fd-48ca-9562-d9ae3ec47c4d}","location":"app-system-defaults","version":"2.0","type":"extension","updateURL":null,"optionsURL":null,"optionsType":null,"aboutURL":null,"defaultLocale":{"name":"Web Compat","description":"Urgent post-release fixes for web compatibility.","creator":null,"homepageURL":null},"visible":true,"active":true,"userDisabled":false,"appDisabled":false,"installDate":1530702964915,"updateDate":1530702964915,"applyBackgroundUpdates":1,"bootstrap":true,"path":"C:\\Program Files\\Mozilla Firefox\\browser\\features\\webcompat@mozilla.org.xpi","skinnable":false,"size":13138,"sourceURI":null,"releaseNotesURI":null,"softDisabled":false,"foreignInstall":false,"strictCompatibility":false,"locales":[],"targetApplications":[{"id":"{ec8030f7-c20a-464f-9b0e-13a3a9e97384}","minVersion":"61.0.1","maxVersion":"61.*"},{"id":"{aa3c5121-dab2-40e2-81ca-7ea25febc110}","minVersion":"61.0.1","maxVersion":"61.*"}],"targetPlatforms":[],"seen":true,"dependencies":[],"hasEmbeddedWebExtension":true,"userPermissions":null,"icons":{},"iconURL":null,"icon64URL":null,"blocklistState":0,"blocklistURL":null,"startupData":null}
1531209486651	addons.xpi	DEBUG	Updating database with changes to installed add-ons
1531209486651	addons.xpi-utils	DEBUG	Updating add-on states
1531209486654	addons.xpi	DEBUG	Registering manifest for C:\Program Files\Mozilla Firefox\browser\features\activity-stream@mozilla.org.xpi
1531209486655	addons.xpi	DEBUG	Calling bootstrap method startup on activity-stream@mozilla.org version 2018.06.29.1026-fa231556
1531209486656	addons.xpi	DEBUG	Registering manifest for C:\Program Files\Mozilla Firefox\browser\features\aushelper@mozilla.org.xpi
1531209486656	addons.xpi	DEBUG	Calling bootstrap method startup on aushelper@mozilla.org version 2.0
1531209486658	addons.xpi	DEBUG	Registering manifest for C:\Program Files\Mozilla Firefox\browser\features\firefox@getpocket.com.xpi
1531209486658	addons.xpi	DEBUG	Calling bootstrap method startup on firefox@getpocket.com version 1.0.5
1531209486666	addons.xpi	DEBUG	Registering manifest for C:\Program Files\Mozilla Firefox\browser\features\followonsearch@mozilla.com.xpi
1531209486666	addons.xpi	DEBUG	Calling bootstrap method startup on followonsearch@mozilla.com version 0.9.7
1531209486666	addons.xpi	DEBUG	Registering manifest for C:\Program Files\Mozilla Firefox\browser\features\formautofill@mozilla.org.xpi
1531209486667	addons.xpi	DEBUG	Calling bootstrap method startup on formautofill@mozilla.org version 1.0
1531209486668	addons.xpi	DEBUG	Registering manifest for C:\Program Files\Mozilla Firefox\browser\features\onboarding@mozilla.org.xpi
1531209486668	addons.xpi	DEBUG	Calling bootstrap method startup on onboarding@mozilla.org version 1.0
1531209486668	addons.xpi	DEBUG	Registering manifest for C:\Program Files\Mozilla Firefox\browser\features\screenshots@mozilla.org.xpi
1531209486668	addons.xpi	DEBUG	Calling bootstrap method startup on screenshots@mozilla.org version 32.1.0
1531209486669	addons.xpi	DEBUG	Registering manifest for C:\Program Files\Mozilla Firefox\browser\features\webcompat-reporter@mozilla.org.xpi
1531209486669	addons.xpi	DEBUG	Calling bootstrap method startup on webcompat-reporter@mozilla.org version 1.0.0
1531209486669	addons.xpi	DEBUG	Registering manifest for C:\Program Files\Mozilla Firefox\browser\features\webcompat@mozilla.org.xpi
1531209486670	addons.xpi	DEBUG	Calling bootstrap method startup on webcompat@mozilla.org version 2.0
1531209486672	addons.manager	DEBUG	Registering shutdown blocker for XPIProvider
1531209486672	addons.manager	DEBUG	Provider finished startup: XPIProvider
1531209486672	addons.manager	DEBUG	Starting provider: LightweightThemeManager
1531209486672	addons.manager	DEBUG	Registering shutdown blocker for LightweightThemeManager
1531209486672	addons.manager	DEBUG	Provider finished startup: LightweightThemeManager
1531209486672	addons.manager	DEBUG	Starting provider: GMPProvider
1531209486674	addons.manager	DEBUG	Registering shutdown blocker for GMPProvider
1531209486674	addons.manager	DEBUG	Provider finished startup: GMPProvider
1531209486674	addons.manager	DEBUG	Starting provider: PluginProvider
1531209486674	addons.manager	DEBUG	Registering shutdown blocker for PluginProvider
1531209486675	addons.manager	DEBUG	Provider finished startup: PluginProvider
1531209486676	addons.manager	DEBUG	Completed startup sequence
1531209488454	addons.xpi	DEBUG	Existing add-on activity-stream@mozilla.org in app-system-defaults
1531209488454	addons.xpi	DEBUG	Existing add-on aushelper@mozilla.org in app-system-defaults
1531209488455	addons.xpi	DEBUG	Existing add-on firefox@getpocket.com in app-system-defaults
1531209488455	addons.xpi	DEBUG	Existing add-on followonsearch@mozilla.com in app-system-defaults
1531209488455	addons.xpi	DEBUG	Existing add-on formautofill@mozilla.org in app-system-defaults
1531209488455	addons.xpi	DEBUG	Existing add-on onboarding@mozilla.org in app-system-defaults
1531209488456	addons.xpi	DEBUG	Existing add-on screenshots@mozilla.org in app-system-defaults
1531209488456	addons.xpi	DEBUG	Existing add-on webcompat-reporter@mozilla.org in app-system-defaults
1531209488456	addons.xpi	DEBUG	Existing add-on webcompat@mozilla.org in app-system-defaults
1531209488456	addons.xpi	DEBUG	getInstallState changed: false, state: {}
1531209488582	Marionette	INFO	Listening on port 2716
1531209489405	Marionette	WARN	TLS certificate errors will be ignored for this session
1531209580938	addons.xpi	DEBUG	Calling bootstrap method shutdown on webcompat@mozilla.org version 2.0
1531209580946	addons.xpi	DEBUG	Calling bootstrap method shutdown on webcompat-reporter@mozilla.org version 1.0.0
1531209580948	addons.xpi	DEBUG	Calling bootstrap method shutdown on screenshots@mozilla.org version 32.1.0
1531209580951	addons.xpi	DEBUG	Calling bootstrap method shutdown on onboarding@mozilla.org version 1.0
1531209580951	addons.xpi	DEBUG	Calling bootstrap method shutdown on formautofill@mozilla.org version 1.0
1531209580952	addons.xpi	DEBUG	Calling b1531209580970	addons.xpi	DEBUG	Calling bootstrap method shutdown on webcompat@mozilla.org version 2.0
1531209580971	addons.xpi	DEBUG	Calling bootstrap method shutdown on webcompat-reporter@mozilla.org version 1.0.0
1531209580972	addons.xpi	DEBUG	Calling bootstrap method shutdown on screenshots@mozilla.org version 32.1.0
1531209580976	addons.xpi	DEBUG	Calling bootstrap method shutdown on onboarding@moziUnable to read VR Path Registry from C:\Users\wangal0425\AppData\Local\openvr\openvrpaths.vrpath
[Child 11644, Chrome_ChildThread] WARNING: pipe error: 109: file z:/build/build/src/ipc/chromium/src/chrome/common/ipc_channel_win.cc, line 346
Unable to read VR Path Registry from C:\Users\wangal0425\AppData\Local\openvr\openvrpaths.vrpath
[Child 264, Chrome_ChildThread] WARNING: pipe error: 109: file z:/build/build/src/ipc/chromium/src/chrome/common/ipc_channel_win.cc, line 346
[Child 264, Chrome_ChildThread] WARNING: pipe error: 109: file z:/build/build/src/ipc/chromium/src/chrome/common/ipc_channel_win.cc, line 346
Unable to read VR Path Registry from C:\Users\wangal0425\AppData\Local\openvr\openvrpaths.vrpath
[Parent 14312, Gecko_IOThread] WARNING: pipe error: 109: file z:/build/build/src/ipc/chromium/src/chrome/common/ipc_channel_win.cc, line 346
1531209581327	addons.manager	DEBUG	shutdown
1531209581328	addons.manager	DEBUG	Calling shutdown blocker for XPIProvider
1531209581328	addons.xpi	DEBUG	shutdown
1531209581328	addons.xpi-utils	DEBUG	shutdown
1531209581328	addons.manager	DEBUG	Calling shutdown blocker for LightweightThemeManager
1531209581328	addons.manager	DEBUG	Calling shutdown blocker for GMPProvider
1531209581329	addons.manager	DEBUG	Calling shutdown blocker for PluginProvider
1531209581332	addons.manager	DEBUG	Async provider shutdown done
[Parent 14312, Gecko_IOThread] WA[Parent 16880, Gecko_IOThread] WARNING: pipe error: 109: file z:/build/build/src/ipcUnable to read VR Path Registry from C:\Users\wangal0425\AppData\Local\openvr\openvrpaths.vrpath
[GPU 4720, Chrome_ChildThread] WARNING: pipe error: 109: file z:/build/build/src/ipc/chromium/src/chrome/common/ipc_channel_win.cc, line 346

###!!! [Child][MessageChannel::SendAndWait] Error: Channel error: cannot send/recv

for LightweightThemeManager
1531209581626	addons.manager	DEBUG	Calling shutdown blocker for GMPProvider
1531209581626	addons.manager	DEBUG	Calling shutdown blocker for PluginProvider
1531209581631	addons.manager	DEBUG	Async provider shutdown done
[Parent 16880, Gecko_IOThread] WARNING: file z:/build/build/src/ipc/chromium/src/base/process_util_win.cc, line 188
Unable to read VR Path Registry from C:\Users\wangal0425\AppData\Local\openvr\openvrpaths.vrpath
[GPU 11004, Chrome_ChildThread] WARNING: pipe error: 109: file z:/build/build/src/ipc/chromium/src/chrome/common/ipc_channel_win.cc, line 346

###!!! [Child][MessageChannel::SendAndWait] Error: Channel error: cannot send/recv

AppData\Local\openvr\openvrpaths.vrpath
[Child 6036, Chrome_ChildThUnable to read VR Path Registry from C:\Users\wangal0425\AppData\Local\openvr\openvrpaths.vrpath
[Parent 18240, Gecko_IOThread] WARNING: pipe error: 109: file z:/build/build/src/ipc/chromium/src/chrome/common/ipc_channel_win.cc, line 346
[Parent 18240, Gecko_[Child 10632, Chrome_ChildThread] WARNING: pipe error: 109: file z:/build/build/src/ipc/chromium/src/chrome/common/ipc_ch[Child 18140, Chrome_ChildThread] WARNING: pipe error: 109: file z:/build/build/src/ipc/chromium/src/chrome/common/ipc_channel_win.cc, line 346
[Child 18140, Chrome_ChiUnable to read VR Path Registry from C:\Users\wangal0425\AppData\Local\openvr\openvrpaths.vrpath
[Parent 11444, Gecko_IOThread] WARNING: pipe error: 109: file z:/build/build/src/ipc/chromium/src/chrome/common/ipc_channel_win.cc, line 346
Unable to read VR Path Registry from C:\Users\wangal0425\AppData\Local\openvr\openvrpaths.vrpath
[Child 12048, Chrome_ChildThread] WARNING: pipe error: 109: file z:/build/build/src/ipc/chromium/src/chrome/common/ipc_channel_win.cc, line 346
1531209581311	addons.manag1531209581364	addons.manager	DEBUG	shutdown
1531209581364	addons.manager	DEBUG	Calling shutdown blocker for XPIProvider
1531209581364	addons.xpi	DEBUG	shutdown
1531209581364	addons.xpi-utils	DEBUG	shutdown
1531209581364	addons.manager	DEBUG	Calling shutdown blocker for LightweightThemeManager
1531209581365	addons.manager	DEBUG	Calling shutdown blocker for GMPProvider
1531209581366	addons.manager	DEBUG	Calling shutdown blocker for PluginProvider
1531209581369	addons.manager	DEBUG	AsynUnable to read VR Path Registry from C:\Users\wangal0425\AppData\Local\openvr\openvrpaths.vrpath
[GPU 5344, Chrome_ChildThread] WARNING: pipe Unable to read VR Path Registry from C:\Users\wangal0425\AppData\Local\openvr\openvrpaths.vrpath
[GPU 15948, Chrome_ChildThread] WARNING: pipe error: 109: file z:/build/build/src/ipc/chromium/src/chrome/common/ipc_channel_win.cc, line 346

###!!! [Child][MessageChannel::SendAndWait] Error: Channel error: cannot send/recv

